        -:    0:Source:../lib/CJSON/cJSON.c
        -:    0:Graph:cJSON.gcno
        -:    0:Data:cJSON.gcda
        -:    0:Runs:1
        -:    0:Programs:1
        -:    1:/*
        -:    2:  Copyright (c) 2009-2017 Dave Gamble and cJSON contributors
        -:    3:
        -:    4:  Permission is hereby granted, free of charge, to any person obtaining a copy
        -:    5:  of this software and associated documentation files (the "Software"), to deal
        -:    6:  in the Software without restriction, including without limitation the rights
        -:    7:  to use, copy, modify, merge, publish, distribute, sublicense, and/or sell
        -:    8:  copies of the Software, and to permit persons to whom the Software is
        -:    9:  furnished to do so, subject to the following conditions:
        -:   10:
        -:   11:  The above copyright notice and this permission notice shall be included in
        -:   12:  all copies or substantial portions of the Software.
        -:   13:
        -:   14:  THE SOFTWARE IS PROVIDED "AS IS", WITHOUT WARRANTY OF ANY KIND, EXPRESS OR
        -:   15:  IMPLIED, INCLUDING BUT NOT LIMITED TO THE WARRANTIES OF MERCHANTABILITY,
        -:   16:  FITNESS FOR A PARTICULAR PURPOSE AND NONINFRINGEMENT. IN NO EVENT SHALL THE
        -:   17:  AUTHORS OR COPYRIGHT HOLDERS BE LIABLE FOR ANY CLAIM, DAMAGES OR OTHER
        -:   18:  LIABILITY, WHETHER IN AN ACTION OF CONTRACT, TORT OR OTHERWISE, ARISING FROM,
        -:   19:  OUT OF OR IN CONNECTION WITH THE SOFTWARE OR THE USE OR OTHER DEALINGS IN
        -:   20:  THE SOFTWARE.
        -:   21:*/
        -:   22:
        -:   23:/* cJSON */
        -:   24:/* JSON parser in C. */
        -:   25:
        -:   26:/* disable warnings about old C89 functions in MSVC */
        -:   27:#if !defined(_CRT_SECURE_NO_DEPRECATE) && defined(_MSC_VER)
        -:   28:#define _CRT_SECURE_NO_DEPRECATE
        -:   29:#endif
        -:   30:
        -:   31:#ifdef __GNUC__
        -:   32:#pragma GCC visibility push(default)
        -:   33:#endif
        -:   34:#if defined(_MSC_VER)
        -:   35:#pragma warning (push)
        -:   36:/* disable warning about single line comments in system headers */
        -:   37:#pragma warning (disable : 4001)
        -:   38:#endif
        -:   39:
        -:   40:#include <string.h>
        -:   41:#include <stdio.h>
        -:   42:#include <math.h>
        -:   43:#include <stdlib.h>
        -:   44:#include <limits.h>
        -:   45:#include <ctype.h>
        -:   46:#include <float.h>
        -:   47:
        -:   48:#ifdef ENABLE_LOCALES
        -:   49:#include <locale.h>
        -:   50:#endif
        -:   51:
        -:   52:#if defined(_MSC_VER)
        -:   53:#pragma warning (pop)
        -:   54:#endif
        -:   55:#ifdef __GNUC__
        -:   56:#pragma GCC visibility pop
        -:   57:#endif
        -:   58:
        -:   59:#include "cJSON.h"
        -:   60:
        -:   61:/* define our own boolean type */
        -:   62:#ifdef true
        -:   63:#undef true
        -:   64:#endif
        -:   65:#define true ((cJSON_bool)1)
        -:   66:
        -:   67:#ifdef false
        -:   68:#undef false
        -:   69:#endif
        -:   70:#define false ((cJSON_bool)0)
        -:   71:
        -:   72:/* define isnan and isinf for ANSI C, if in C99 or above, isnan and isinf has been defined in math.h */
        -:   73:#ifndef isinf
        -:   74:#define isinf(d) (isnan((d - d)) && !isnan(d))
        -:   75:#endif
        -:   76:#ifndef isnan
        -:   77:#define isnan(d) (d != d)
        -:   78:#endif
        -:   79:
        -:   80:#ifndef NAN
        -:   81:#ifdef _WIN32
        -:   82:#define NAN sqrt(-1.0)
        -:   83:#else
        -:   84:#define NAN 0.0/0.0
        -:   85:#endif
        -:   86:#endif
        -:   87:
        -:   88:typedef struct {
        -:   89:    const unsigned char *json;
        -:   90:    size_t position;
        -:   91:} error;
        -:   92:static error global_error = { NULL, 0 };
        -:   93:
function cJSON_GetErrorPtr called 0 returned 0% blocks executed 0%
    #####:   94:CJSON_PUBLIC(const char *) cJSON_GetErrorPtr(void)
        -:   95:{
    #####:   96:    return (const char*) (global_error.json + global_error.position);
        -:   97:}
        -:   98:
function cJSON_GetStringValue called 0 returned 0% blocks executed 0%
    #####:   99:CJSON_PUBLIC(char *) cJSON_GetStringValue(const cJSON * const item) 
        -:  100:{
    #####:  101:    if (!cJSON_IsString(item)) 
call    0 never executed
branch  1 never executed
branch  2 never executed
        -:  102:    {
    #####:  103:        return NULL;
        -:  104:    }
        -:  105:
    #####:  106:    return item->valuestring;
        -:  107:}
        -:  108:
function cJSON_GetNumberValue called 0 returned 0% blocks executed 0%
    #####:  109:CJSON_PUBLIC(double) cJSON_GetNumberValue(const cJSON * const item) 
        -:  110:{
    #####:  111:    if (!cJSON_IsNumber(item)) 
call    0 never executed
branch  1 never executed
branch  2 never executed
        -:  112:    {
    #####:  113:        return (double) NAN;
        -:  114:    }
        -:  115:
    #####:  116:    return item->valuedouble;
        -:  117:}
        -:  118:
        -:  119:/* This is a safeguard to prevent copy-pasters from using incompatible C and header files */
        -:  120:#if (CJSON_VERSION_MAJOR != 1) || (CJSON_VERSION_MINOR != 7) || (CJSON_VERSION_PATCH != 15)
        -:  121:    #error cJSON.h and cJSON.c have different versions. Make sure that both have the same.
        -:  122:#endif
        -:  123:
function cJSON_Version called 0 returned 0% blocks executed 0%
    #####:  124:CJSON_PUBLIC(const char*) cJSON_Version(void)
        -:  125:{
        -:  126:    static char version[15];
    #####:  127:    sprintf(version, "%i.%i.%i", CJSON_VERSION_MAJOR, CJSON_VERSION_MINOR, CJSON_VERSION_PATCH);
        -:  128:
    #####:  129:    return version;
        -:  130:}
        -:  131:
        -:  132:/* Case insensitive string comparison, doesn't consider two NULL pointers equal though */
function case_insensitive_strcmp called 0 returned 0% blocks executed 0%
    #####:  133:static int case_insensitive_strcmp(const unsigned char *string1, const unsigned char *string2)
        -:  134:{
    #####:  135:    if ((string1 == NULL) || (string2 == NULL))
branch  0 never executed
branch  1 never executed
branch  2 never executed
branch  3 never executed
        -:  136:    {
    #####:  137:        return 1;
        -:  138:    }
        -:  139:
    #####:  140:    if (string1 == string2)
branch  0 never executed
branch  1 never executed
        -:  141:    {
    #####:  142:        return 0;
        -:  143:    }
        -:  144:
    #####:  145:    for(; tolower(*string1) == tolower(*string2); (void)string1++, string2++)
branch  0 never executed
branch  1 never executed
        -:  146:    {
    #####:  147:        if (*string1 == '\0')
branch  0 never executed
branch  1 never executed
        -:  148:        {
    #####:  149:            return 0;
        -:  150:        }
        -:  151:    }
        -:  152:
    #####:  153:    return tolower(*string1) - tolower(*string2);
        -:  154:}
        -:  155:
        -:  156:typedef struct internal_hooks
        -:  157:{
        -:  158:    void *(CJSON_CDECL *allocate)(size_t size);
        -:  159:    void (CJSON_CDECL *deallocate)(void *pointer);
        -:  160:    void *(CJSON_CDECL *reallocate)(void *pointer, size_t size);
        -:  161:} internal_hooks;
        -:  162:
        -:  163:#if defined(_MSC_VER)
        -:  164:/* work around MSVC error C2322: '...' address of dllimport '...' is not static */
        -:  165:static void * CJSON_CDECL internal_malloc(size_t size)
        -:  166:{
        -:  167:    return malloc(size);
        -:  168:}
        -:  169:static void CJSON_CDECL internal_free(void *pointer)
        -:  170:{
        -:  171:    free(pointer);
        -:  172:}
        -:  173:static void * CJSON_CDECL internal_realloc(void *pointer, size_t size)
        -:  174:{
        -:  175:    return realloc(pointer, size);
        -:  176:}
        -:  177:#else
        -:  178:#define internal_malloc malloc
        -:  179:#define internal_free free
        -:  180:#define internal_realloc realloc
        -:  181:#endif
        -:  182:
        -:  183:/* strlen of character literals resolved at compile time */
        -:  184:#define static_strlen(string_literal) (sizeof(string_literal) - sizeof(""))
        -:  185:
        -:  186:static internal_hooks global_hooks = { internal_malloc, internal_free, internal_realloc };
        -:  187:
function cJSON_strdup called 0 returned 0% blocks executed 0%
    #####:  188:static unsigned char* cJSON_strdup(const unsigned char* string, const internal_hooks * const hooks)
        -:  189:{
    #####:  190:    size_t length = 0;
    #####:  191:    unsigned char *copy = NULL;
        -:  192:
    #####:  193:    if (string == NULL)
branch  0 never executed
branch  1 never executed
        -:  194:    {
    #####:  195:        return NULL;
        -:  196:    }
        -:  197:
    #####:  198:    length = strlen((const char*)string) + sizeof("");
    #####:  199:    copy = (unsigned char*)hooks->allocate(length);
call    0 never executed
    #####:  200:    if (copy == NULL)
branch  0 never executed
branch  1 never executed
        -:  201:    {
    #####:  202:        return NULL;
        -:  203:    }
    #####:  204:    memcpy(copy, string, length);
        -:  205:
    #####:  206:    return copy;
        -:  207:}
        -:  208:
function cJSON_InitHooks called 0 returned 0% blocks executed 0%
    #####:  209:CJSON_PUBLIC(void) cJSON_InitHooks(cJSON_Hooks* hooks)
        -:  210:{
    #####:  211:    if (hooks == NULL)
branch  0 never executed
branch  1 never executed
        -:  212:    {
        -:  213:        /* Reset hooks */
    #####:  214:        global_hooks.allocate = malloc;
    #####:  215:        global_hooks.deallocate = free;
    #####:  216:        global_hooks.reallocate = realloc;
    #####:  217:        return;
        -:  218:    }
        -:  219:
    #####:  220:    global_hooks.allocate = malloc;
    #####:  221:    if (hooks->malloc_fn != NULL)
branch  0 never executed
branch  1 never executed
        -:  222:    {
    #####:  223:        global_hooks.allocate = hooks->malloc_fn;
        -:  224:    }
        -:  225:
    #####:  226:    global_hooks.deallocate = free;
    #####:  227:    if (hooks->free_fn != NULL)
branch  0 never executed
branch  1 never executed
        -:  228:    {
    #####:  229:        global_hooks.deallocate = hooks->free_fn;
        -:  230:    }
        -:  231:
        -:  232:    /* use realloc only if both free and malloc are used */
    #####:  233:    global_hooks.reallocate = NULL;
    #####:  234:    if ((global_hooks.allocate == malloc) && (global_hooks.deallocate == free))
branch  0 never executed
branch  1 never executed
branch  2 never executed
branch  3 never executed
        -:  235:    {
    #####:  236:        global_hooks.reallocate = realloc;
        -:  237:    }
        -:  238:}
        -:  239:
        -:  240:/* Internal constructor. */
function cJSON_New_Item called 11 returned 100% blocks executed 100%
       11:  241:static cJSON *cJSON_New_Item(const internal_hooks * const hooks)
        -:  242:{
       11:  243:    cJSON* node = (cJSON*)hooks->allocate(sizeof(cJSON));
call    0 returned 11
       11:  244:    if (node)
branch  0 taken 11 (fallthrough)
branch  1 taken 0
        -:  245:    {
       11:  246:        memset(node, '\0', sizeof(cJSON));
        -:  247:    }
        -:  248:
       11:  249:    return node;
        -:  250:}
        -:  251:
        -:  252:/* Delete a cJSON structure. */
function cJSON_Delete called 5 returned 100% blocks executed 100%
        5:  253:CJSON_PUBLIC(void) cJSON_Delete(cJSON *item)
        -:  254:{
        5:  255:    cJSON *next = NULL;
       21:  256:    while (item != NULL)
branch  0 taken 11
branch  1 taken 5 (fallthrough)
        -:  257:    {
       11:  258:        next = item->next;
       11:  259:        if (!(item->type & cJSON_IsReference) && (item->child != NULL))
branch  0 taken 11 (fallthrough)
branch  1 taken 0
branch  2 taken 1 (fallthrough)
branch  3 taken 10
        -:  260:        {
        1:  261:            cJSON_Delete(item->child);
call    0 returned 1
        -:  262:        }
       11:  263:        if (!(item->type & cJSON_IsReference) && (item->valuestring != NULL))
branch  0 taken 11 (fallthrough)
branch  1 taken 0
branch  2 taken 4 (fallthrough)
branch  3 taken 7
        -:  264:        {
        4:  265:            global_hooks.deallocate(item->valuestring);
call    0 returned 4
        -:  266:        }
       11:  267:        if (!(item->type & cJSON_StringIsConst) && (item->string != NULL))
branch  0 taken 11 (fallthrough)
branch  1 taken 0
branch  2 taken 9 (fallthrough)
branch  3 taken 2
        -:  268:        {
        9:  269:            global_hooks.deallocate(item->string);
call    0 returned 9
        -:  270:        }
       11:  271:        global_hooks.deallocate(item);
call    0 returned 11
       11:  272:        item = next;
        -:  273:    }
        5:  274:}
        -:  275:
        -:  276:/* get the decimal point character of the current locale */
function get_decimal_point called 2 returned 100% blocks executed 100%
        2:  277:static unsigned char get_decimal_point(void)
        -:  278:{
        -:  279:#ifdef ENABLE_LOCALES
        -:  280:    struct lconv *lconv = localeconv();
        -:  281:    return (unsigned char) lconv->decimal_point[0];
        -:  282:#else
        2:  283:    return '.';
        -:  284:#endif
        -:  285:}
        -:  286:
        -:  287:typedef struct
        -:  288:{
        -:  289:    const unsigned char *content;
        -:  290:    size_t length;
        -:  291:    size_t offset;
        -:  292:    size_t depth; /* How deeply nested (in arrays/objects) is the input at the current offset. */
        -:  293:    internal_hooks hooks;
        -:  294:} parse_buffer;
        -:  295:
        -:  296:/* check if the given size is left to read in a given parse buffer (starting with 1) */
        -:  297:#define can_read(buffer, size) ((buffer != NULL) && (((buffer)->offset + size) <= (buffer)->length))
        -:  298:/* check if the buffer can be accessed at the given index (starting with 0) */
        -:  299:#define can_access_at_index(buffer, index) ((buffer != NULL) && (((buffer)->offset + index) < (buffer)->length))
        -:  300:#define cannot_access_at_index(buffer, index) (!can_access_at_index(buffer, index))
        -:  301:/* get a pointer to the buffer at the position */
        -:  302:#define buffer_at_offset(buffer) ((buffer)->content + (buffer)->offset)
        -:  303:
        -:  304:/* Parse the input text to generate a number, and populate the result into item. */
function parse_number called 2 returned 100% blocks executed 70%
        2:  305:static cJSON_bool parse_number(cJSON * const item, parse_buffer * const input_buffer)
        -:  306:{
        2:  307:    double number = 0;
        2:  308:    unsigned char *after_end = NULL;
        -:  309:    unsigned char number_c_string[64];
        2:  310:    unsigned char decimal_point = get_decimal_point();
call    0 returned 2
        2:  311:    size_t i = 0;
        -:  312:
        2:  313:    if ((input_buffer == NULL) || (input_buffer->content == NULL))
branch  0 taken 2 (fallthrough)
branch  1 taken 0
branch  2 taken 0 (fallthrough)
branch  3 taken 2
        -:  314:    {
    #####:  315:        return false;
        -:  316:    }
        -:  317:
        -:  318:    /* copy the number into a temporary buffer and replace '.' with the decimal point
        -:  319:     * of the current locale (for strtod)
        -:  320:     * This also takes care of '\0' not necessarily being available for marking the end of the input */
       24:  321:    for (i = 0; (i < (sizeof(number_c_string) - 1)) && can_access_at_index(input_buffer, i); i++)
branch  0 taken 0 (fallthrough)
branch  1 taken 8
branch  2 taken 0 (fallthrough)
branch  3 taken 8
branch  4 taken 8
branch  5 taken 0 (fallthrough)
        -:  322:    {
        8:  323:        switch (buffer_at_offset(input_buffer)[i])
branch  0 taken 6
branch  1 taken 0
branch  2 taken 2
        -:  324:        {
        6:  325:            case '0':
        -:  326:            case '1':
        -:  327:            case '2':
        -:  328:            case '3':
        -:  329:            case '4':
        -:  330:            case '5':
        -:  331:            case '6':
        -:  332:            case '7':
        -:  333:            case '8':
        -:  334:            case '9':
        -:  335:            case '+':
        -:  336:            case '-':
        -:  337:            case 'e':
        -:  338:            case 'E':
        6:  339:                number_c_string[i] = buffer_at_offset(input_buffer)[i];
        6:  340:                break;
        -:  341:
    #####:  342:            case '.':
    #####:  343:                number_c_string[i] = decimal_point;
    #####:  344:                break;
        -:  345:
        2:  346:            default:
        2:  347:                goto loop_end;
        -:  348:        }
        -:  349:    }
    #####:  350:loop_end:
        2:  351:    number_c_string[i] = '\0';
        -:  352:
        2:  353:    number = strtod((const char*)number_c_string, (char**)&after_end);
call    0 returned 2
        2:  354:    if (number_c_string == after_end)
branch  0 taken 0 (fallthrough)
branch  1 taken 2
        -:  355:    {
    #####:  356:        return false; /* parse_error */
        -:  357:    }
        -:  358:
        2:  359:    item->valuedouble = number;
        -:  360:
        -:  361:    /* use saturation in case of overflow */
        2:  362:    if (number >= INT_MAX)
branch  0 taken 0 (fallthrough)
branch  1 taken 2
        -:  363:    {
    #####:  364:        item->valueint = INT_MAX;
        -:  365:    }
        2:  366:    else if (number <= (double)INT_MIN)
branch  0 taken 0 (fallthrough)
branch  1 taken 2
        -:  367:    {
    #####:  368:        item->valueint = INT_MIN;
        -:  369:    }
        -:  370:    else
        -:  371:    {
        2:  372:        item->valueint = (int)number;
        -:  373:    }
        -:  374:
        2:  375:    item->type = cJSON_Number;
        -:  376:
        2:  377:    input_buffer->offset += (size_t)(after_end - number_c_string);
        2:  378:    return true;
        -:  379:}
        -:  380:
        -:  381:/* don't ask me, but the original cJSON_SetNumberValue returns an integer or double */
function cJSON_SetNumberHelper called 0 returned 0% blocks executed 0%
    #####:  382:CJSON_PUBLIC(double) cJSON_SetNumberHelper(cJSON *object, double number)
        -:  383:{
    #####:  384:    if (number >= INT_MAX)
branch  0 never executed
branch  1 never executed
        -:  385:    {
    #####:  386:        object->valueint = INT_MAX;
        -:  387:    }
    #####:  388:    else if (number <= (double)INT_MIN)
branch  0 never executed
branch  1 never executed
        -:  389:    {
    #####:  390:        object->valueint = INT_MIN;
        -:  391:    }
        -:  392:    else
        -:  393:    {
    #####:  394:        object->valueint = (int)number;
        -:  395:    }
        -:  396:
    #####:  397:    return object->valuedouble = number;
        -:  398:}
        -:  399:
function cJSON_SetValuestring called 0 returned 0% blocks executed 0%
    #####:  400:CJSON_PUBLIC(char*) cJSON_SetValuestring(cJSON *object, const char *valuestring)
        -:  401:{
    #####:  402:    char *copy = NULL;
        -:  403:    /* if object's type is not cJSON_String or is cJSON_IsReference, it should not set valuestring */
    #####:  404:    if (!(object->type & cJSON_String) || (object->type & cJSON_IsReference))
branch  0 never executed
branch  1 never executed
branch  2 never executed
branch  3 never executed
        -:  405:    {
    #####:  406:        return NULL;
        -:  407:    }
    #####:  408:    if (strlen(valuestring) <= strlen(object->valuestring))
branch  0 never executed
branch  1 never executed
        -:  409:    {
    #####:  410:        strcpy(object->valuestring, valuestring);
    #####:  411:        return object->valuestring;
        -:  412:    }
    #####:  413:    copy = (char*) cJSON_strdup((const unsigned char*)valuestring, &global_hooks);
call    0 never executed
    #####:  414:    if (copy == NULL)
branch  0 never executed
branch  1 never executed
        -:  415:    {
    #####:  416:        return NULL;
        -:  417:    }
    #####:  418:    if (object->valuestring != NULL)
branch  0 never executed
branch  1 never executed
        -:  419:    {
    #####:  420:        cJSON_free(object->valuestring);
call    0 never executed
        -:  421:    }
    #####:  422:    object->valuestring = copy;
        -:  423:
    #####:  424:    return copy;
        -:  425:}
        -:  426:
        -:  427:typedef struct
        -:  428:{
        -:  429:    unsigned char *buffer;
        -:  430:    size_t length;
        -:  431:    size_t offset;
        -:  432:    size_t depth; /* current nesting depth (for formatted printing) */
        -:  433:    cJSON_bool noalloc;
        -:  434:    cJSON_bool format; /* is this print a formatted print */
        -:  435:    internal_hooks hooks;
        -:  436:} printbuffer;
        -:  437:
        -:  438:/* realloc printbuffer if necessary to have at least "needed" bytes more */
function ensure called 0 returned 0% blocks executed 0%
    #####:  439:static unsigned char* ensure(printbuffer * const p, size_t needed)
        -:  440:{
    #####:  441:    unsigned char *newbuffer = NULL;
    #####:  442:    size_t newsize = 0;
        -:  443:
    #####:  444:    if ((p == NULL) || (p->buffer == NULL))
branch  0 never executed
branch  1 never executed
branch  2 never executed
branch  3 never executed
        -:  445:    {
    #####:  446:        return NULL;
        -:  447:    }
        -:  448:
    #####:  449:    if ((p->length > 0) && (p->offset >= p->length))
branch  0 never executed
branch  1 never executed
branch  2 never executed
branch  3 never executed
        -:  450:    {
        -:  451:        /* make sure that offset is valid */
    #####:  452:        return NULL;
        -:  453:    }
        -:  454:
    #####:  455:    if (needed > INT_MAX)
branch  0 never executed
branch  1 never executed
        -:  456:    {
        -:  457:        /* sizes bigger than INT_MAX are currently not supported */
    #####:  458:        return NULL;
        -:  459:    }
        -:  460:
    #####:  461:    needed += p->offset + 1;
    #####:  462:    if (needed <= p->length)
branch  0 never executed
branch  1 never executed
        -:  463:    {
    #####:  464:        return p->buffer + p->offset;
        -:  465:    }
        -:  466:
    #####:  467:    if (p->noalloc) {
branch  0 never executed
branch  1 never executed
    #####:  468:        return NULL;
        -:  469:    }
        -:  470:
        -:  471:    /* calculate new buffer size */
    #####:  472:    if (needed > (INT_MAX / 2))
branch  0 never executed
branch  1 never executed
        -:  473:    {
        -:  474:        /* overflow of int, use INT_MAX if possible */
    #####:  475:        if (needed <= INT_MAX)
branch  0 never executed
branch  1 never executed
        -:  476:        {
    #####:  477:            newsize = INT_MAX;
        -:  478:        }
        -:  479:        else
        -:  480:        {
    #####:  481:            return NULL;
        -:  482:        }
        -:  483:    }
        -:  484:    else
        -:  485:    {
    #####:  486:        newsize = needed * 2;
        -:  487:    }
        -:  488:
    #####:  489:    if (p->hooks.reallocate != NULL)
branch  0 never executed
branch  1 never executed
        -:  490:    {
        -:  491:        /* reallocate with realloc if available */
    #####:  492:        newbuffer = (unsigned char*)p->hooks.reallocate(p->buffer, newsize);
call    0 never executed
    #####:  493:        if (newbuffer == NULL)
branch  0 never executed
branch  1 never executed
        -:  494:        {
    #####:  495:            p->hooks.deallocate(p->buffer);
call    0 never executed
    #####:  496:            p->length = 0;
    #####:  497:            p->buffer = NULL;
        -:  498:
    #####:  499:            return NULL;
        -:  500:        }
        -:  501:    }
        -:  502:    else
        -:  503:    {
        -:  504:        /* otherwise reallocate manually */
    #####:  505:        newbuffer = (unsigned char*)p->hooks.allocate(newsize);
call    0 never executed
    #####:  506:        if (!newbuffer)
branch  0 never executed
branch  1 never executed
        -:  507:        {
    #####:  508:            p->hooks.deallocate(p->buffer);
call    0 never executed
    #####:  509:            p->length = 0;
    #####:  510:            p->buffer = NULL;
        -:  511:
    #####:  512:            return NULL;
        -:  513:        }
        -:  514:        
    #####:  515:        memcpy(newbuffer, p->buffer, p->offset + 1);
    #####:  516:        p->hooks.deallocate(p->buffer);
call    0 never executed
        -:  517:    }
    #####:  518:    p->length = newsize;
    #####:  519:    p->buffer = newbuffer;
        -:  520:
    #####:  521:    return newbuffer + p->offset;
        -:  522:}
        -:  523:
        -:  524:/* calculate the new length of the string in a printbuffer and update the offset */
function update_offset called 0 returned 0% blocks executed 0%
    #####:  525:static void update_offset(printbuffer * const buffer)
        -:  526:{
    #####:  527:    const unsigned char *buffer_pointer = NULL;
    #####:  528:    if ((buffer == NULL) || (buffer->buffer == NULL))
branch  0 never executed
branch  1 never executed
branch  2 never executed
branch  3 never executed
        -:  529:    {
    #####:  530:        return;
        -:  531:    }
    #####:  532:    buffer_pointer = buffer->buffer + buffer->offset;
        -:  533:
    #####:  534:    buffer->offset += strlen((const char*)buffer_pointer);
        -:  535:}
        -:  536:
        -:  537:/* securely comparison of floating-point variables */
function compare_double called 0 returned 0% blocks executed 0%
    #####:  538:static cJSON_bool compare_double(double a, double b)
        -:  539:{
    #####:  540:    double maxVal = fabs(a) > fabs(b) ? fabs(a) : fabs(b);
branch  0 never executed
branch  1 never executed
    #####:  541:    return (fabs(a - b) <= maxVal * DBL_EPSILON);
        -:  542:}
        -:  543:
        -:  544:/* Render the number nicely from the given item into a string. */
function print_number called 0 returned 0% blocks executed 0%
    #####:  545:static cJSON_bool print_number(const cJSON * const item, printbuffer * const output_buffer)
        -:  546:{
    #####:  547:    unsigned char *output_pointer = NULL;
    #####:  548:    double d = item->valuedouble;
    #####:  549:    int length = 0;
    #####:  550:    size_t i = 0;
    #####:  551:    unsigned char number_buffer[26] = {0}; /* temporary buffer to print the number into */
    #####:  552:    unsigned char decimal_point = get_decimal_point();
call    0 never executed
    #####:  553:    double test = 0.0;
        -:  554:
    #####:  555:    if (output_buffer == NULL)
branch  0 never executed
branch  1 never executed
        -:  556:    {
    #####:  557:        return false;
        -:  558:    }
        -:  559:
        -:  560:    /* This checks for NaN and Infinity */
    #####:  561:    if (isnan(d) || isinf(d))
branch  0 never executed
branch  1 never executed
branch  2 never executed
branch  3 never executed
        -:  562:    {
    #####:  563:        length = sprintf((char*)number_buffer, "null");
        -:  564:    }
        -:  565:    else
        -:  566:    {
        -:  567:        /* Try 15 decimal places of precision to avoid nonsignificant nonzero digits */
    #####:  568:        length = sprintf((char*)number_buffer, "%1.15g", d);
        -:  569:
        -:  570:        /* Check whether the original double can be recovered */
    #####:  571:        if ((sscanf((char*)number_buffer, "%lg", &test) != 1) || !compare_double((double)test, d))
branch  0 never executed
branch  1 never executed
call    2 never executed
branch  3 never executed
branch  4 never executed
        -:  572:        {
        -:  573:            /* If not, print with 17 decimal places of precision */
    #####:  574:            length = sprintf((char*)number_buffer, "%1.17g", d);
        -:  575:        }
        -:  576:    }
        -:  577:
        -:  578:    /* sprintf failed or buffer overrun occurred */
    #####:  579:    if ((length < 0) || (length > (int)(sizeof(number_buffer) - 1)))
branch  0 never executed
branch  1 never executed
branch  2 never executed
branch  3 never executed
        -:  580:    {
    #####:  581:        return false;
        -:  582:    }
        -:  583:
        -:  584:    /* reserve appropriate space in the output */
    #####:  585:    output_pointer = ensure(output_buffer, (size_t)length + sizeof(""));
call    0 never executed
    #####:  586:    if (output_pointer == NULL)
branch  0 never executed
branch  1 never executed
        -:  587:    {
    #####:  588:        return false;
        -:  589:    }
        -:  590:
        -:  591:    /* copy the printed number to the output and replace locale
        -:  592:     * dependent decimal point with '.' */
    #####:  593:    for (i = 0; i < ((size_t)length); i++)
branch  0 never executed
branch  1 never executed
        -:  594:    {
    #####:  595:        if (number_buffer[i] == decimal_point)
branch  0 never executed
branch  1 never executed
        -:  596:        {
    #####:  597:            output_pointer[i] = '.';
    #####:  598:            continue;
        -:  599:        }
        -:  600:
    #####:  601:        output_pointer[i] = number_buffer[i];
        -:  602:    }
    #####:  603:    output_pointer[i] = '\0';
        -:  604:
    #####:  605:    output_buffer->offset += (size_t)length;
        -:  606:
    #####:  607:    return true;
        -:  608:}
        -:  609:
        -:  610:/* parse 4 digit hexadecimal number */
function parse_hex4 called 0 returned 0% blocks executed 0%
    #####:  611:static unsigned parse_hex4(const unsigned char * const input)
        -:  612:{
    #####:  613:    unsigned int h = 0;
    #####:  614:    size_t i = 0;
        -:  615:
    #####:  616:    for (i = 0; i < 4; i++)
branch  0 never executed
branch  1 never executed
        -:  617:    {
        -:  618:        /* parse digit */
    #####:  619:        if ((input[i] >= '0') && (input[i] <= '9'))
branch  0 never executed
branch  1 never executed
branch  2 never executed
branch  3 never executed
        -:  620:        {
    #####:  621:            h += (unsigned int) input[i] - '0';
        -:  622:        }
    #####:  623:        else if ((input[i] >= 'A') && (input[i] <= 'F'))
branch  0 never executed
branch  1 never executed
branch  2 never executed
branch  3 never executed
        -:  624:        {
    #####:  625:            h += (unsigned int) 10 + input[i] - 'A';
        -:  626:        }
    #####:  627:        else if ((input[i] >= 'a') && (input[i] <= 'f'))
branch  0 never executed
branch  1 never executed
branch  2 never executed
branch  3 never executed
        -:  628:        {
    #####:  629:            h += (unsigned int) 10 + input[i] - 'a';
        -:  630:        }
        -:  631:        else /* invalid */
        -:  632:        {
    #####:  633:            return 0;
        -:  634:        }
        -:  635:
    #####:  636:        if (i < 3)
branch  0 never executed
branch  1 never executed
        -:  637:        {
        -:  638:            /* shift left to make place for the next nibble */
    #####:  639:            h = h << 4;
        -:  640:        }
        -:  641:    }
        -:  642:
    #####:  643:    return h;
        -:  644:}
        -:  645:
        -:  646:/* converts a UTF-16 literal to UTF-8
        -:  647: * A literal can be one or two sequences of the form \uXXXX */
function utf16_literal_to_utf8 called 0 returned 0% blocks executed 0%
    #####:  648:static unsigned char utf16_literal_to_utf8(const unsigned char * const input_pointer, const unsigned char * const input_end, unsigned char **output_pointer)
        -:  649:{
    #####:  650:    long unsigned int codepoint = 0;
    #####:  651:    unsigned int first_code = 0;
    #####:  652:    const unsigned char *first_sequence = input_pointer;
    #####:  653:    unsigned char utf8_length = 0;
    #####:  654:    unsigned char utf8_position = 0;
    #####:  655:    unsigned char sequence_length = 0;
    #####:  656:    unsigned char first_byte_mark = 0;
        -:  657:
    #####:  658:    if ((input_end - first_sequence) < 6)
branch  0 never executed
branch  1 never executed
        -:  659:    {
        -:  660:        /* input ends unexpectedly */
    #####:  661:        goto fail;
        -:  662:    }
        -:  663:
        -:  664:    /* get the first utf16 sequence */
    #####:  665:    first_code = parse_hex4(first_sequence + 2);
call    0 never executed
        -:  666:
        -:  667:    /* check that the code is valid */
    #####:  668:    if (((first_code >= 0xDC00) && (first_code <= 0xDFFF)))
branch  0 never executed
branch  1 never executed
branch  2 never executed
branch  3 never executed
        -:  669:    {
    #####:  670:        goto fail;
        -:  671:    }
        -:  672:
        -:  673:    /* UTF16 surrogate pair */
    #####:  674:    if ((first_code >= 0xD800) && (first_code <= 0xDBFF))
branch  0 never executed
branch  1 never executed
branch  2 never executed
branch  3 never executed
    #####:  675:    {
    #####:  676:        const unsigned char *second_sequence = first_sequence + 6;
    #####:  677:        unsigned int second_code = 0;
    #####:  678:        sequence_length = 12; /* \uXXXX\uXXXX */
        -:  679:
    #####:  680:        if ((input_end - second_sequence) < 6)
branch  0 never executed
branch  1 never executed
        -:  681:        {
        -:  682:            /* input ends unexpectedly */
    #####:  683:            goto fail;
        -:  684:        }
        -:  685:
    #####:  686:        if ((second_sequence[0] != '\\') || (second_sequence[1] != 'u'))
branch  0 never executed
branch  1 never executed
branch  2 never executed
branch  3 never executed
        -:  687:        {
        -:  688:            /* missing second half of the surrogate pair */
        -:  689:            goto fail;
        -:  690:        }
        -:  691:
        -:  692:        /* get the second utf16 sequence */
    #####:  693:        second_code = parse_hex4(second_sequence + 2);
call    0 never executed
        -:  694:        /* check that the code is valid */
    #####:  695:        if ((second_code < 0xDC00) || (second_code > 0xDFFF))
branch  0 never executed
branch  1 never executed
branch  2 never executed
branch  3 never executed
        -:  696:        {
        -:  697:            /* invalid second half of the surrogate pair */
        -:  698:            goto fail;
        -:  699:        }
        -:  700:
        -:  701:
        -:  702:        /* calculate the unicode codepoint from the surrogate pair */
    #####:  703:        codepoint = 0x10000 + (((first_code & 0x3FF) << 10) | (second_code & 0x3FF));
        -:  704:    }
        -:  705:    else
        -:  706:    {
    #####:  707:        sequence_length = 6; /* \uXXXX */
    #####:  708:        codepoint = first_code;
        -:  709:    }
        -:  710:
        -:  711:    /* encode as UTF-8
        -:  712:     * takes at maximum 4 bytes to encode:
        -:  713:     * 11110xxx 10xxxxxx 10xxxxxx 10xxxxxx */
    #####:  714:    if (codepoint < 0x80)
branch  0 never executed
branch  1 never executed
        -:  715:    {
        -:  716:        /* normal ascii, encoding 0xxxxxxx */
    #####:  717:        utf8_length = 1;
        -:  718:    }
    #####:  719:    else if (codepoint < 0x800)
branch  0 never executed
branch  1 never executed
        -:  720:    {
        -:  721:        /* two bytes, encoding 110xxxxx 10xxxxxx */
    #####:  722:        utf8_length = 2;
    #####:  723:        first_byte_mark = 0xC0; /* 11000000 */
        -:  724:    }
    #####:  725:    else if (codepoint < 0x10000)
branch  0 never executed
branch  1 never executed
        -:  726:    {
        -:  727:        /* three bytes, encoding 1110xxxx 10xxxxxx 10xxxxxx */
    #####:  728:        utf8_length = 3;
    #####:  729:        first_byte_mark = 0xE0; /* 11100000 */
        -:  730:    }
    #####:  731:    else if (codepoint <= 0x10FFFF)
branch  0 never executed
branch  1 never executed
        -:  732:    {
        -:  733:        /* four bytes, encoding 1110xxxx 10xxxxxx 10xxxxxx 10xxxxxx */
    #####:  734:        utf8_length = 4;
    #####:  735:        first_byte_mark = 0xF0; /* 11110000 */
        -:  736:    }
        -:  737:    else
        -:  738:    {
        -:  739:        /* invalid unicode codepoint */
    #####:  740:        goto fail;
        -:  741:    }
        -:  742:
        -:  743:    /* encode as utf8 */
    #####:  744:    for (utf8_position = (unsigned char)(utf8_length - 1); utf8_position > 0; utf8_position--)
branch  0 never executed
branch  1 never executed
        -:  745:    {
        -:  746:        /* 10xxxxxx */
    #####:  747:        (*output_pointer)[utf8_position] = (unsigned char)((codepoint | 0x80) & 0xBF);
    #####:  748:        codepoint >>= 6;
        -:  749:    }
        -:  750:    /* encode first byte */
    #####:  751:    if (utf8_length > 1)
branch  0 never executed
branch  1 never executed
        -:  752:    {
    #####:  753:        (*output_pointer)[0] = (unsigned char)((codepoint | first_byte_mark) & 0xFF);
        -:  754:    }
        -:  755:    else
        -:  756:    {
    #####:  757:        (*output_pointer)[0] = (unsigned char)(codepoint & 0x7F);
        -:  758:    }
        -:  759:
    #####:  760:    *output_pointer += utf8_length;
        -:  761:
    #####:  762:    return sequence_length;
        -:  763:
    #####:  764:fail:
    #####:  765:    return 0;
        -:  766:}
        -:  767:
        -:  768:/* Parse the input text into an unescaped cinput, and populate item. */
function parse_string called 14 returned 100% blocks executed 50%
       14:  769:static cJSON_bool parse_string(cJSON * const item, parse_buffer * const input_buffer)
        -:  770:{
       14:  771:    const unsigned char *input_pointer = buffer_at_offset(input_buffer) + 1;
       14:  772:    const unsigned char *input_end = buffer_at_offset(input_buffer) + 1;
       14:  773:    unsigned char *output_pointer = NULL;
       14:  774:    unsigned char *output = NULL;
        -:  775:
        -:  776:    /* not a string */
       14:  777:    if (buffer_at_offset(input_buffer)[0] != '\"')
branch  0 taken 0 (fallthrough)
branch  1 taken 14
        -:  778:    {
    #####:  779:        goto fail;
        -:  780:    }
        -:  781:
        -:  782:    {
        -:  783:        /* calculate approximate size of the output (overestimate) */
       14:  784:        size_t allocation_length = 0;
       14:  785:        size_t skipped_bytes = 0;
      129:  786:        while (((size_t)(input_end - input_buffer->content) < input_buffer->length) && (*input_end != '\"'))
branch  0 taken 114 (fallthrough)
branch  1 taken 1
branch  2 taken 101
branch  3 taken 13 (fallthrough)
        -:  787:        {
        -:  788:            /* is escape sequence */
      101:  789:            if (input_end[0] == '\\')
branch  0 taken 0 (fallthrough)
branch  1 taken 101
        -:  790:            {
    #####:  791:                if ((size_t)(input_end + 1 - input_buffer->content) >= input_buffer->length)
branch  0 never executed
branch  1 never executed
        -:  792:                {
        -:  793:                    /* prevent buffer overflow when last input character is a backslash */
    #####:  794:                    goto fail;
        -:  795:                }
    #####:  796:                skipped_bytes++;
    #####:  797:                input_end++;
        -:  798:            }
      101:  799:            input_end++;
        -:  800:        }
       14:  801:        if (((size_t)(input_end - input_buffer->content) >= input_buffer->length) || (*input_end != '\"'))
branch  0 taken 13 (fallthrough)
branch  1 taken 1
branch  2 taken 0 (fallthrough)
branch  3 taken 13
        -:  802:        {
        -:  803:            goto fail; /* string ended unexpectedly */
        -:  804:        }
        -:  805:
        -:  806:        /* This is at most how much we need for the output */
       13:  807:        allocation_length = (size_t) (input_end - buffer_at_offset(input_buffer)) - skipped_bytes;
       13:  808:        output = (unsigned char*)input_buffer->hooks.allocate(allocation_length + sizeof(""));
call    0 returned 13
       13:  809:        if (output == NULL)
branch  0 taken 0 (fallthrough)
branch  1 taken 13
        -:  810:        {
    #####:  811:            goto fail; /* allocation failure */
        -:  812:        }
        -:  813:    }
        -:  814:
       13:  815:    output_pointer = output;
        -:  816:    /* loop through the string literal */
      124:  817:    while (input_pointer < input_end)
branch  0 taken 98
branch  1 taken 13 (fallthrough)
        -:  818:    {
       98:  819:        if (*input_pointer != '\\')
branch  0 taken 98 (fallthrough)
branch  1 taken 0
        -:  820:        {
       98:  821:            *output_pointer++ = *input_pointer++;
        -:  822:        }
        -:  823:        /* escape sequence */
        -:  824:        else
        -:  825:        {
    #####:  826:            unsigned char sequence_length = 2;
    #####:  827:            if ((input_end - input_pointer) < 1)
branch  0 never executed
branch  1 never executed
        -:  828:            {
    #####:  829:                goto fail;
        -:  830:            }
        -:  831:
    #####:  832:            switch (input_pointer[1])
branch  0 never executed
branch  1 never executed
branch  2 never executed
branch  3 never executed
branch  4 never executed
branch  5 never executed
branch  6 never executed
branch  7 never executed
        -:  833:            {
    #####:  834:                case 'b':
    #####:  835:                    *output_pointer++ = '\b';
    #####:  836:                    break;
    #####:  837:                case 'f':
    #####:  838:                    *output_pointer++ = '\f';
    #####:  839:                    break;
    #####:  840:                case 'n':
    #####:  841:                    *output_pointer++ = '\n';
    #####:  842:                    break;
    #####:  843:                case 'r':
    #####:  844:                    *output_pointer++ = '\r';
    #####:  845:                    break;
    #####:  846:                case 't':
    #####:  847:                    *output_pointer++ = '\t';
    #####:  848:                    break;
    #####:  849:                case '\"':
        -:  850:                case '\\':
        -:  851:                case '/':
    #####:  852:                    *output_pointer++ = input_pointer[1];
    #####:  853:                    break;
        -:  854:
        -:  855:                /* UTF-16 literal */
    #####:  856:                case 'u':
    #####:  857:                    sequence_length = utf16_literal_to_utf8(input_pointer, input_end, &output_pointer);
call    0 never executed
    #####:  858:                    if (sequence_length == 0)
branch  0 never executed
branch  1 never executed
        -:  859:                    {
        -:  860:                        /* failed to convert UTF16-literal to UTF-8 */
    #####:  861:                        goto fail;
        -:  862:                    }
    #####:  863:                    break;
        -:  864:
    #####:  865:                default:
    #####:  866:                    goto fail;
        -:  867:            }
    #####:  868:            input_pointer += sequence_length;
        -:  869:        }
        -:  870:    }
        -:  871:
        -:  872:    /* zero terminate the output */
       13:  873:    *output_pointer = '\0';
        -:  874:
       13:  875:    item->type = cJSON_String;
       13:  876:    item->valuestring = (char*)output;
        -:  877:
       13:  878:    input_buffer->offset = (size_t) (input_end - input_buffer->content);
       13:  879:    input_buffer->offset++;
        -:  880:
       13:  881:    return true;
        -:  882:
        1:  883:fail:
        1:  884:    if (output != NULL)
branch  0 taken 0 (fallthrough)
branch  1 taken 1
        -:  885:    {
    #####:  886:        input_buffer->hooks.deallocate(output);
call    0 never executed
        -:  887:    }
        -:  888:
        1:  889:    if (input_pointer != NULL)
branch  0 taken 1 (fallthrough)
branch  1 taken 0
        -:  890:    {
        1:  891:        input_buffer->offset = (size_t)(input_pointer - input_buffer->content);
        -:  892:    }
        -:  893:
        1:  894:    return false;
        -:  895:}
        -:  896:
        -:  897:/* Render the cstring provided to an escaped version that can be printed. */
function print_string_ptr called 0 returned 0% blocks executed 0%
    #####:  898:static cJSON_bool print_string_ptr(const unsigned char * const input, printbuffer * const output_buffer)
        -:  899:{
    #####:  900:    const unsigned char *input_pointer = NULL;
    #####:  901:    unsigned char *output = NULL;
    #####:  902:    unsigned char *output_pointer = NULL;
    #####:  903:    size_t output_length = 0;
        -:  904:    /* numbers of additional characters needed for escaping */
    #####:  905:    size_t escape_characters = 0;
        -:  906:
    #####:  907:    if (output_buffer == NULL)
branch  0 never executed
branch  1 never executed
        -:  908:    {
    #####:  909:        return false;
        -:  910:    }
        -:  911:
        -:  912:    /* empty string */
    #####:  913:    if (input == NULL)
branch  0 never executed
branch  1 never executed
        -:  914:    {
    #####:  915:        output = ensure(output_buffer, sizeof("\"\""));
call    0 never executed
    #####:  916:        if (output == NULL)
branch  0 never executed
branch  1 never executed
        -:  917:        {
    #####:  918:            return false;
        -:  919:        }
    #####:  920:        strcpy((char*)output, "\"\"");
        -:  921:
    #####:  922:        return true;
        -:  923:    }
        -:  924:
        -:  925:    /* set "flag" to 1 if something needs to be escaped */
    #####:  926:    for (input_pointer = input; *input_pointer; input_pointer++)
branch  0 never executed
branch  1 never executed
        -:  927:    {
    #####:  928:        switch (*input_pointer)
branch  0 never executed
branch  1 never executed
        -:  929:        {
    #####:  930:            case '\"':
        -:  931:            case '\\':
        -:  932:            case '\b':
        -:  933:            case '\f':
        -:  934:            case '\n':
        -:  935:            case '\r':
        -:  936:            case '\t':
        -:  937:                /* one character escape sequence */
    #####:  938:                escape_characters++;
    #####:  939:                break;
    #####:  940:            default:
    #####:  941:                if (*input_pointer < 32)
branch  0 never executed
branch  1 never executed
        -:  942:                {
        -:  943:                    /* UTF-16 escape sequence uXXXX */
    #####:  944:                    escape_characters += 5;
        -:  945:                }
    #####:  946:                break;
        -:  947:        }
        -:  948:    }
    #####:  949:    output_length = (size_t)(input_pointer - input) + escape_characters;
        -:  950:
    #####:  951:    output = ensure(output_buffer, output_length + sizeof("\"\""));
call    0 never executed
    #####:  952:    if (output == NULL)
branch  0 never executed
branch  1 never executed
        -:  953:    {
    #####:  954:        return false;
        -:  955:    }
        -:  956:
        -:  957:    /* no characters have to be escaped */
    #####:  958:    if (escape_characters == 0)
branch  0 never executed
branch  1 never executed
        -:  959:    {
    #####:  960:        output[0] = '\"';
    #####:  961:        memcpy(output + 1, input, output_length);
    #####:  962:        output[output_length + 1] = '\"';
    #####:  963:        output[output_length + 2] = '\0';
        -:  964:
    #####:  965:        return true;
        -:  966:    }
        -:  967:
    #####:  968:    output[0] = '\"';
    #####:  969:    output_pointer = output + 1;
        -:  970:    /* copy the string */
    #####:  971:    for (input_pointer = input; *input_pointer != '\0'; (void)input_pointer++, output_pointer++)
branch  0 never executed
branch  1 never executed
        -:  972:    {
    #####:  973:        if ((*input_pointer > 31) && (*input_pointer != '\"') && (*input_pointer != '\\'))
branch  0 never executed
branch  1 never executed
branch  2 never executed
branch  3 never executed
branch  4 never executed
branch  5 never executed
        -:  974:        {
        -:  975:            /* normal character, copy */
    #####:  976:            *output_pointer = *input_pointer;
        -:  977:        }
        -:  978:        else
        -:  979:        {
        -:  980:            /* character needs to be escaped */
    #####:  981:            *output_pointer++ = '\\';
    #####:  982:            switch (*input_pointer)
branch  0 never executed
branch  1 never executed
branch  2 never executed
branch  3 never executed
branch  4 never executed
branch  5 never executed
branch  6 never executed
branch  7 never executed
        -:  983:            {
    #####:  984:                case '\\':
    #####:  985:                    *output_pointer = '\\';
    #####:  986:                    break;
    #####:  987:                case '\"':
    #####:  988:                    *output_pointer = '\"';
    #####:  989:                    break;
    #####:  990:                case '\b':
    #####:  991:                    *output_pointer = 'b';
    #####:  992:                    break;
    #####:  993:                case '\f':
    #####:  994:                    *output_pointer = 'f';
    #####:  995:                    break;
    #####:  996:                case '\n':
    #####:  997:                    *output_pointer = 'n';
    #####:  998:                    break;
    #####:  999:                case '\r':
    #####: 1000:                    *output_pointer = 'r';
    #####: 1001:                    break;
    #####: 1002:                case '\t':
    #####: 1003:                    *output_pointer = 't';
    #####: 1004:                    break;
    #####: 1005:                default:
        -: 1006:                    /* escape and print as unicode codepoint */
    #####: 1007:                    sprintf((char*)output_pointer, "u%04x", *input_pointer);
    #####: 1008:                    output_pointer += 4;
    #####: 1009:                    break;
        -: 1010:            }
        -: 1011:        }
        -: 1012:    }
    #####: 1013:    output[output_length + 1] = '\"';
    #####: 1014:    output[output_length + 2] = '\0';
        -: 1015:
    #####: 1016:    return true;
        -: 1017:}
        -: 1018:
        -: 1019:/* Invoke print_string_ptr (which is useful) on an item. */
function print_string called 0 returned 0% blocks executed 0%
    #####: 1020:static cJSON_bool print_string(const cJSON * const item, printbuffer * const p)
        -: 1021:{
    #####: 1022:    return print_string_ptr((unsigned char*)item->valuestring, p);
call    0 never executed
        -: 1023:}
        -: 1024:
        -: 1025:/* Predeclare these prototypes. */
        -: 1026:static cJSON_bool parse_value(cJSON * const item, parse_buffer * const input_buffer);
        -: 1027:static cJSON_bool print_value(const cJSON * const item, printbuffer * const output_buffer);
        -: 1028:static cJSON_bool parse_array(cJSON * const item, parse_buffer * const input_buffer);
        -: 1029:static cJSON_bool print_array(const cJSON * const item, printbuffer * const output_buffer);
        -: 1030:static cJSON_bool parse_object(cJSON * const item, parse_buffer * const input_buffer);
        -: 1031:static cJSON_bool print_object(const cJSON * const item, printbuffer * const output_buffer);
        -: 1032:
        -: 1033:/* Utility to jump whitespace and cr/lf */
function buffer_skip_whitespace called 40 returned 100% blocks executed 80%
       40: 1034:static parse_buffer *buffer_skip_whitespace(parse_buffer * const buffer)
        -: 1035:{
       40: 1036:    if ((buffer == NULL) || (buffer->content == NULL))
branch  0 taken 40 (fallthrough)
branch  1 taken 0
branch  2 taken 0 (fallthrough)
branch  3 taken 40
        -: 1037:    {
    #####: 1038:        return NULL;
        -: 1039:    }
        -: 1040:
       40: 1041:    if (cannot_access_at_index(buffer, 0))
branch  0 taken 40 (fallthrough)
branch  1 taken 0
branch  2 taken 0 (fallthrough)
branch  3 taken 40
        -: 1042:    {
    #####: 1043:        return buffer;
        -: 1044:    }
        -: 1045:
      163: 1046:    while (can_access_at_index(buffer, 0) && (buffer_at_offset(buffer)[0] <= 32))
branch  0 taken 123 (fallthrough)
branch  1 taken 0
branch  2 taken 123 (fallthrough)
branch  3 taken 0
branch  4 taken 83
branch  5 taken 40 (fallthrough)
        -: 1047:    {
       83: 1048:       buffer->offset++;
        -: 1049:    }
        -: 1050:
       40: 1051:    if (buffer->offset == buffer->length)
branch  0 taken 0 (fallthrough)
branch  1 taken 40
        -: 1052:    {
    #####: 1053:        buffer->offset--;
        -: 1054:    }
        -: 1055:
       40: 1056:    return buffer;
        -: 1057:}
        -: 1058:
        -: 1059:/* skip the UTF-8 BOM (byte order mark) if it is at the beginning of a buffer */
function skip_utf8_bom called 1 returned 100% blocks executed 80%
        1: 1060:static parse_buffer *skip_utf8_bom(parse_buffer * const buffer)
        -: 1061:{
        1: 1062:    if ((buffer == NULL) || (buffer->content == NULL) || (buffer->offset != 0))
branch  0 taken 1 (fallthrough)
branch  1 taken 0
branch  2 taken 1 (fallthrough)
branch  3 taken 0
branch  4 taken 0 (fallthrough)
branch  5 taken 1
        -: 1063:    {
    #####: 1064:        return NULL;
        -: 1065:    }
        -: 1066:
        1: 1067:    if (can_access_at_index(buffer, 4) && (strncmp((const char*)buffer_at_offset(buffer), "\xEF\xBB\xBF", 3) == 0))
branch  0 taken 1 (fallthrough)
branch  1 taken 0
branch  2 taken 1 (fallthrough)
branch  3 taken 0
branch  4 taken 0 (fallthrough)
branch  5 taken 1
        -: 1068:    {
    #####: 1069:        buffer->offset += 3;
        -: 1070:    }
        -: 1071:
        1: 1072:    return buffer;
        -: 1073:}
        -: 1074:
function cJSON_ParseWithOpts called 1 returned 100% blocks executed 75%
        1: 1075:CJSON_PUBLIC(cJSON *) cJSON_ParseWithOpts(const char *value, const char **return_parse_end, cJSON_bool require_null_terminated)
        -: 1076:{
        -: 1077:    size_t buffer_length;
        -: 1078:
        1: 1079:    if (NULL == value)
branch  0 taken 0 (fallthrough)
branch  1 taken 1
        -: 1080:    {
    #####: 1081:        return NULL;
        -: 1082:    }
        -: 1083:
        -: 1084:    /* Adding null character size due to require_null_terminated. */
        1: 1085:    buffer_length = strlen(value) + sizeof("");
        -: 1086:
        1: 1087:    return cJSON_ParseWithLengthOpts(value, buffer_length, return_parse_end, require_null_terminated);
call    0 returned 1
        -: 1088:}
        -: 1089:
        -: 1090:/* Parse an object - create a new root, and populate. */
function cJSON_ParseWithLengthOpts called 1 returned 100% blocks executed 56%
        1: 1091:CJSON_PUBLIC(cJSON *) cJSON_ParseWithLengthOpts(const char *value, size_t buffer_length, const char **return_parse_end, cJSON_bool require_null_terminated)
        -: 1092:{
        1: 1093:    parse_buffer buffer = { 0, 0, 0, 0, { 0, 0, 0 } };
        1: 1094:    cJSON *item = NULL;
        -: 1095:
        -: 1096:    /* reset error position */
        1: 1097:    global_error.json = NULL;
        1: 1098:    global_error.position = 0;
        -: 1099:
        1: 1100:    if (value == NULL || 0 == buffer_length)
branch  0 taken 1 (fallthrough)
branch  1 taken 0
branch  2 taken 0 (fallthrough)
branch  3 taken 1
        -: 1101:    {
        -: 1102:        goto fail;
        -: 1103:    }
        -: 1104:
        1: 1105:    buffer.content = (const unsigned char*)value;
        1: 1106:    buffer.length = buffer_length; 
        1: 1107:    buffer.offset = 0;
        1: 1108:    buffer.hooks = global_hooks;
        -: 1109:
        1: 1110:    item = cJSON_New_Item(&global_hooks);
call    0 returned 1
        1: 1111:    if (item == NULL) /* memory fail */
branch  0 taken 0 (fallthrough)
branch  1 taken 1
        -: 1112:    {
    #####: 1113:        goto fail;
        -: 1114:    }
        -: 1115:
        1: 1116:    if (!parse_value(item, buffer_skip_whitespace(skip_utf8_bom(&buffer))))
call    0 returned 1
call    1 returned 1
call    2 returned 1
branch  3 taken 1 (fallthrough)
branch  4 taken 0
        -: 1117:    {
        -: 1118:        /* parse failure. ep is set. */
        1: 1119:        goto fail;
        -: 1120:    }
        -: 1121:
        -: 1122:    /* if we require null-terminated JSON without appended garbage, skip and then check for a null terminator */
    #####: 1123:    if (require_null_terminated)
branch  0 never executed
branch  1 never executed
        -: 1124:    {
    #####: 1125:        buffer_skip_whitespace(&buffer);
call    0 never executed
    #####: 1126:        if ((buffer.offset >= buffer.length) || buffer_at_offset(&buffer)[0] != '\0')
branch  0 never executed
branch  1 never executed
branch  2 never executed
branch  3 never executed
        -: 1127:        {
        -: 1128:            goto fail;
        -: 1129:        }
        -: 1130:    }
    #####: 1131:    if (return_parse_end)
branch  0 never executed
branch  1 never executed
        -: 1132:    {
    #####: 1133:        *return_parse_end = (const char*)buffer_at_offset(&buffer);
        -: 1134:    }
        -: 1135:
    #####: 1136:    return item;
        -: 1137:
    #####: 1138:fail:
        1: 1139:    if (item != NULL)
branch  0 taken 1 (fallthrough)
branch  1 taken 0
        -: 1140:    {
        1: 1141:        cJSON_Delete(item);
call    0 returned 1
        -: 1142:    }
        -: 1143:
        1: 1144:    if (value != NULL)
branch  0 taken 1 (fallthrough)
branch  1 taken 0
        -: 1145:    {
        -: 1146:        error local_error;
        1: 1147:        local_error.json = (const unsigned char*)value;
        1: 1148:        local_error.position = 0;
        -: 1149:
        1: 1150:        if (buffer.offset < buffer.length)
branch  0 taken 1 (fallthrough)
branch  1 taken 0
        -: 1151:        {
        1: 1152:            local_error.position = buffer.offset;
        -: 1153:        }
    #####: 1154:        else if (buffer.length > 0)
branch  0 never executed
branch  1 never executed
        -: 1155:        {
    #####: 1156:            local_error.position = buffer.length - 1;
        -: 1157:        }
        -: 1158:
        1: 1159:        if (return_parse_end != NULL)
branch  0 taken 0 (fallthrough)
branch  1 taken 1
        -: 1160:        {
    #####: 1161:            *return_parse_end = (const char*)local_error.json + local_error.position;
        -: 1162:        }
        -: 1163:
        1: 1164:        global_error = local_error;
        -: 1165:    }
        -: 1166:
        1: 1167:    return NULL;
        -: 1168:}
        -: 1169:
        -: 1170:/* Default options for cJSON_Parse */
function cJSON_Parse called 0 returned 0% blocks executed 0%
    #####: 1171:CJSON_PUBLIC(cJSON *) cJSON_Parse(const char *value)
        -: 1172:{
    #####: 1173:    return cJSON_ParseWithOpts(value, 0, 0);
call    0 never executed
        -: 1174:}
        -: 1175:
function cJSON_ParseWithLength called 0 returned 0% blocks executed 0%
    #####: 1176:CJSON_PUBLIC(cJSON *) cJSON_ParseWithLength(const char *value, size_t buffer_length)
        -: 1177:{
    #####: 1178:    return cJSON_ParseWithLengthOpts(value, buffer_length, 0, 0);
call    0 never executed
        -: 1179:}
        -: 1180:
        -: 1181:#define cjson_min(a, b) (((a) < (b)) ? (a) : (b))
        -: 1182:
function print called 0 returned 0% blocks executed 0%
    #####: 1183:static unsigned char *print(const cJSON * const item, cJSON_bool format, const internal_hooks * const hooks)
        -: 1184:{
        -: 1185:    static const size_t default_buffer_size = 256;
        -: 1186:    printbuffer buffer[1];
    #####: 1187:    unsigned char *printed = NULL;
        -: 1188:
    #####: 1189:    memset(buffer, 0, sizeof(buffer));
        -: 1190:
        -: 1191:    /* create buffer */
    #####: 1192:    buffer->buffer = (unsigned char*) hooks->allocate(default_buffer_size);
call    0 never executed
    #####: 1193:    buffer->length = default_buffer_size;
    #####: 1194:    buffer->format = format;
    #####: 1195:    buffer->hooks = *hooks;
    #####: 1196:    if (buffer->buffer == NULL)
branch  0 never executed
branch  1 never executed
        -: 1197:    {
    #####: 1198:        goto fail;
        -: 1199:    }
        -: 1200:
        -: 1201:    /* print the value */
    #####: 1202:    if (!print_value(item, buffer))
call    0 never executed
branch  1 never executed
branch  2 never executed
        -: 1203:    {
    #####: 1204:        goto fail;
        -: 1205:    }
    #####: 1206:    update_offset(buffer);
call    0 never executed
        -: 1207:
        -: 1208:    /* check if reallocate is available */
    #####: 1209:    if (hooks->reallocate != NULL)
branch  0 never executed
branch  1 never executed
        -: 1210:    {
    #####: 1211:        printed = (unsigned char*) hooks->reallocate(buffer->buffer, buffer->offset + 1);
call    0 never executed
    #####: 1212:        if (printed == NULL) {
branch  0 never executed
branch  1 never executed
    #####: 1213:            goto fail;
        -: 1214:        }
    #####: 1215:        buffer->buffer = NULL;
        -: 1216:    }
        -: 1217:    else /* otherwise copy the JSON over to a new buffer */
        -: 1218:    {
    #####: 1219:        printed = (unsigned char*) hooks->allocate(buffer->offset + 1);
call    0 never executed
    #####: 1220:        if (printed == NULL)
branch  0 never executed
branch  1 never executed
        -: 1221:        {
    #####: 1222:            goto fail;
        -: 1223:        }
    #####: 1224:        memcpy(printed, buffer->buffer, cjson_min(buffer->length, buffer->offset + 1));
    #####: 1225:        printed[buffer->offset] = '\0'; /* just to be sure */
        -: 1226:
        -: 1227:        /* free the buffer */
    #####: 1228:        hooks->deallocate(buffer->buffer);
call    0 never executed
        -: 1229:    }
        -: 1230:
    #####: 1231:    return printed;
        -: 1232:
    #####: 1233:fail:
    #####: 1234:    if (buffer->buffer != NULL)
branch  0 never executed
branch  1 never executed
        -: 1235:    {
    #####: 1236:        hooks->deallocate(buffer->buffer);
call    0 never executed
        -: 1237:    }
        -: 1238:
    #####: 1239:    if (printed != NULL)
branch  0 never executed
branch  1 never executed
        -: 1240:    {
    #####: 1241:        hooks->deallocate(printed);
call    0 never executed
        -: 1242:    }
        -: 1243:
    #####: 1244:    return NULL;
        -: 1245:}
        -: 1246:
        -: 1247:/* Render a cJSON item/entity/structure to text. */
function cJSON_Print called 0 returned 0% blocks executed 0%
    #####: 1248:CJSON_PUBLIC(char *) cJSON_Print(const cJSON *item)
        -: 1249:{
    #####: 1250:    return (char*)print(item, true, &global_hooks);
call    0 never executed
        -: 1251:}
        -: 1252:
function cJSON_PrintUnformatted called 0 returned 0% blocks executed 0%
    #####: 1253:CJSON_PUBLIC(char *) cJSON_PrintUnformatted(const cJSON *item)
        -: 1254:{
    #####: 1255:    return (char*)print(item, false, &global_hooks);
call    0 never executed
        -: 1256:}
        -: 1257:
function cJSON_PrintBuffered called 0 returned 0% blocks executed 0%
    #####: 1258:CJSON_PUBLIC(char *) cJSON_PrintBuffered(const cJSON *item, int prebuffer, cJSON_bool fmt)
        -: 1259:{
    #####: 1260:    printbuffer p = { 0, 0, 0, 0, 0, 0, { 0, 0, 0 } };
        -: 1261:
    #####: 1262:    if (prebuffer < 0)
branch  0 never executed
branch  1 never executed
        -: 1263:    {
    #####: 1264:        return NULL;
        -: 1265:    }
        -: 1266:
    #####: 1267:    p.buffer = (unsigned char*)global_hooks.allocate((size_t)prebuffer);
call    0 never executed
    #####: 1268:    if (!p.buffer)
branch  0 never executed
branch  1 never executed
        -: 1269:    {
    #####: 1270:        return NULL;
        -: 1271:    }
        -: 1272:
    #####: 1273:    p.length = (size_t)prebuffer;
    #####: 1274:    p.offset = 0;
    #####: 1275:    p.noalloc = false;
    #####: 1276:    p.format = fmt;
    #####: 1277:    p.hooks = global_hooks;
        -: 1278:
    #####: 1279:    if (!print_value(item, &p))
call    0 never executed
branch  1 never executed
branch  2 never executed
        -: 1280:    {
    #####: 1281:        global_hooks.deallocate(p.buffer);
call    0 never executed
    #####: 1282:        return NULL;
        -: 1283:    }
        -: 1284:
    #####: 1285:    return (char*)p.buffer;
        -: 1286:}
        -: 1287:
function cJSON_PrintPreallocated called 0 returned 0% blocks executed 0%
    #####: 1288:CJSON_PUBLIC(cJSON_bool) cJSON_PrintPreallocated(cJSON *item, char *buffer, const int length, const cJSON_bool format)
        -: 1289:{
    #####: 1290:    printbuffer p = { 0, 0, 0, 0, 0, 0, { 0, 0, 0 } };
        -: 1291:
    #####: 1292:    if ((length < 0) || (buffer == NULL))
branch  0 never executed
branch  1 never executed
branch  2 never executed
branch  3 never executed
        -: 1293:    {
    #####: 1294:        return false;
        -: 1295:    }
        -: 1296:
    #####: 1297:    p.buffer = (unsigned char*)buffer;
    #####: 1298:    p.length = (size_t)length;
    #####: 1299:    p.offset = 0;
    #####: 1300:    p.noalloc = true;
    #####: 1301:    p.format = format;
    #####: 1302:    p.hooks = global_hooks;
        -: 1303:
    #####: 1304:    return print_value(item, &p);
call    0 never executed
        -: 1305:}
        -: 1306:
        -: 1307:/* Parser core - when encountering text, process appropriately. */
function parse_value called 10 returned 100% blocks executed 83%
       10: 1308:static cJSON_bool parse_value(cJSON * const item, parse_buffer * const input_buffer)
        -: 1309:{
       10: 1310:    if ((input_buffer == NULL) || (input_buffer->content == NULL))
branch  0 taken 10 (fallthrough)
branch  1 taken 0
branch  2 taken 0 (fallthrough)
branch  3 taken 10
        -: 1311:    {
    #####: 1312:        return false; /* no input */
        -: 1313:    }
        -: 1314:
        -: 1315:    /* parse the different types of values */
        -: 1316:    /* null */
       10: 1317:    if (can_read(input_buffer, 4) && (strncmp((const char*)buffer_at_offset(input_buffer), "null", 4) == 0))
branch  0 taken 10 (fallthrough)
branch  1 taken 0
branch  2 taken 10 (fallthrough)
branch  3 taken 0
branch  4 taken 0 (fallthrough)
branch  5 taken 10
        -: 1318:    {
    #####: 1319:        item->type = cJSON_NULL;
    #####: 1320:        input_buffer->offset += 4;
    #####: 1321:        return true;
        -: 1322:    }
        -: 1323:    /* false */
       10: 1324:    if (can_read(input_buffer, 5) && (strncmp((const char*)buffer_at_offset(input_buffer), "false", 5) == 0))
branch  0 taken 10 (fallthrough)
branch  1 taken 0
branch  2 taken 10 (fallthrough)
branch  3 taken 0
branch  4 taken 0 (fallthrough)
branch  5 taken 10
        -: 1325:    {
    #####: 1326:        item->type = cJSON_False;
    #####: 1327:        input_buffer->offset += 5;
    #####: 1328:        return true;
        -: 1329:    }
        -: 1330:    /* true */
       10: 1331:    if (can_read(input_buffer, 4) && (strncmp((const char*)buffer_at_offset(input_buffer), "true", 4) == 0))
branch  0 taken 10 (fallthrough)
branch  1 taken 0
branch  2 taken 10 (fallthrough)
branch  3 taken 0
branch  4 taken 0 (fallthrough)
branch  5 taken 10
        -: 1332:    {
    #####: 1333:        item->type = cJSON_True;
    #####: 1334:        item->valueint = 1;
    #####: 1335:        input_buffer->offset += 4;
    #####: 1336:        return true;
        -: 1337:    }
        -: 1338:    /* string */
       10: 1339:    if (can_access_at_index(input_buffer, 0) && (buffer_at_offset(input_buffer)[0] == '\"'))
branch  0 taken 10 (fallthrough)
branch  1 taken 0
branch  2 taken 10 (fallthrough)
branch  3 taken 0
branch  4 taken 4 (fallthrough)
branch  5 taken 6
        -: 1340:    {
        4: 1341:        return parse_string(item, input_buffer);
call    0 returned 4
        -: 1342:    }
        -: 1343:    /* number */
        6: 1344:    if (can_access_at_index(input_buffer, 0) && ((buffer_at_offset(input_buffer)[0] == '-') || ((buffer_at_offset(input_buffer)[0] >= '0') && (buffer_at_offset(input_buffer)[0] <= '9'))))
branch  0 taken 6 (fallthrough)
branch  1 taken 0
branch  2 taken 6 (fallthrough)
branch  3 taken 0
branch  4 taken 6 (fallthrough)
branch  5 taken 0
branch  6 taken 6 (fallthrough)
branch  7 taken 0
branch  8 taken 2 (fallthrough)
branch  9 taken 4
        -: 1345:    {
        2: 1346:        return parse_number(item, input_buffer);
call    0 returned 2
        -: 1347:    }
        -: 1348:    /* array */
        4: 1349:    if (can_access_at_index(input_buffer, 0) && (buffer_at_offset(input_buffer)[0] == '['))
branch  0 taken 4 (fallthrough)
branch  1 taken 0
branch  2 taken 4 (fallthrough)
branch  3 taken 0
branch  4 taken 0 (fallthrough)
branch  5 taken 4
        -: 1350:    {
    #####: 1351:        return parse_array(item, input_buffer);
call    0 never executed
        -: 1352:    }
        -: 1353:    /* object */
        4: 1354:    if (can_access_at_index(input_buffer, 0) && (buffer_at_offset(input_buffer)[0] == '{'))
branch  0 taken 4 (fallthrough)
branch  1 taken 0
branch  2 taken 4 (fallthrough)
branch  3 taken 0
branch  4 taken 4 (fallthrough)
branch  5 taken 0
        -: 1355:    {
        4: 1356:        return parse_object(item, input_buffer);
call    0 returned 4
        -: 1357:    }
        -: 1358:
    #####: 1359:    return false;
        -: 1360:}
        -: 1361:
        -: 1362:/* Render a value to text. */
function print_value called 0 returned 0% blocks executed 0%
    #####: 1363:static cJSON_bool print_value(const cJSON * const item, printbuffer * const output_buffer)
        -: 1364:{
    #####: 1365:    unsigned char *output = NULL;
        -: 1366:
    #####: 1367:    if ((item == NULL) || (output_buffer == NULL))
branch  0 never executed
branch  1 never executed
branch  2 never executed
branch  3 never executed
        -: 1368:    {
    #####: 1369:        return false;
        -: 1370:    }
        -: 1371:
    #####: 1372:    switch ((item->type) & 0xFF)
branch  0 never executed
branch  1 never executed
branch  2 never executed
branch  3 never executed
branch  4 never executed
branch  5 never executed
branch  6 never executed
branch  7 never executed
branch  8 never executed
        -: 1373:    {
    #####: 1374:        case cJSON_NULL:
    #####: 1375:            output = ensure(output_buffer, 5);
call    0 never executed
    #####: 1376:            if (output == NULL)
branch  0 never executed
branch  1 never executed
        -: 1377:            {
    #####: 1378:                return false;
        -: 1379:            }
    #####: 1380:            strcpy((char*)output, "null");
    #####: 1381:            return true;
        -: 1382:
    #####: 1383:        case cJSON_False:
    #####: 1384:            output = ensure(output_buffer, 6);
call    0 never executed
    #####: 1385:            if (output == NULL)
branch  0 never executed
branch  1 never executed
        -: 1386:            {
    #####: 1387:                return false;
        -: 1388:            }
    #####: 1389:            strcpy((char*)output, "false");
    #####: 1390:            return true;
        -: 1391:
    #####: 1392:        case cJSON_True:
    #####: 1393:            output = ensure(output_buffer, 5);
call    0 never executed
    #####: 1394:            if (output == NULL)
branch  0 never executed
branch  1 never executed
        -: 1395:            {
    #####: 1396:                return false;
        -: 1397:            }
    #####: 1398:            strcpy((char*)output, "true");
    #####: 1399:            return true;
        -: 1400:
    #####: 1401:        case cJSON_Number:
    #####: 1402:            return print_number(item, output_buffer);
call    0 never executed
        -: 1403:
    #####: 1404:        case cJSON_Raw:
        -: 1405:        {
    #####: 1406:            size_t raw_length = 0;
    #####: 1407:            if (item->valuestring == NULL)
branch  0 never executed
branch  1 never executed
        -: 1408:            {
    #####: 1409:                return false;
        -: 1410:            }
        -: 1411:
    #####: 1412:            raw_length = strlen(item->valuestring) + sizeof("");
    #####: 1413:            output = ensure(output_buffer, raw_length);
call    0 never executed
    #####: 1414:            if (output == NULL)
branch  0 never executed
branch  1 never executed
        -: 1415:            {
    #####: 1416:                return false;
        -: 1417:            }
    #####: 1418:            memcpy(output, item->valuestring, raw_length);
    #####: 1419:            return true;
        -: 1420:        }
        -: 1421:
    #####: 1422:        case cJSON_String:
    #####: 1423:            return print_string(item, output_buffer);
call    0 never executed
        -: 1424:
    #####: 1425:        case cJSON_Array:
    #####: 1426:            return print_array(item, output_buffer);
call    0 never executed
        -: 1427:
    #####: 1428:        case cJSON_Object:
    #####: 1429:            return print_object(item, output_buffer);
call    0 never executed
        -: 1430:
    #####: 1431:        default:
    #####: 1432:            return false;
        -: 1433:    }
        -: 1434:}
        -: 1435:
        -: 1436:/* Build an array from input text. */
function parse_array called 0 returned 0% blocks executed 0%
    #####: 1437:static cJSON_bool parse_array(cJSON * const item, parse_buffer * const input_buffer)
        -: 1438:{
    #####: 1439:    cJSON *head = NULL; /* head of the linked list */
    #####: 1440:    cJSON *current_item = NULL;
        -: 1441:
    #####: 1442:    if (input_buffer->depth >= CJSON_NESTING_LIMIT)
branch  0 never executed
branch  1 never executed
        -: 1443:    {
    #####: 1444:        return false; /* to deeply nested */
        -: 1445:    }
    #####: 1446:    input_buffer->depth++;
        -: 1447:
    #####: 1448:    if (buffer_at_offset(input_buffer)[0] != '[')
branch  0 never executed
branch  1 never executed
        -: 1449:    {
        -: 1450:        /* not an array */
    #####: 1451:        goto fail;
        -: 1452:    }
        -: 1453:
    #####: 1454:    input_buffer->offset++;
    #####: 1455:    buffer_skip_whitespace(input_buffer);
call    0 never executed
    #####: 1456:    if (can_access_at_index(input_buffer, 0) && (buffer_at_offset(input_buffer)[0] == ']'))
branch  0 never executed
branch  1 never executed
branch  2 never executed
branch  3 never executed
branch  4 never executed
branch  5 never executed
        -: 1457:    {
        -: 1458:        /* empty array */
    #####: 1459:        goto success;
        -: 1460:    }
        -: 1461:
        -: 1462:    /* check if we skipped to the end of the buffer */
    #####: 1463:    if (cannot_access_at_index(input_buffer, 0))
branch  0 never executed
branch  1 never executed
branch  2 never executed
branch  3 never executed
        -: 1464:    {
    #####: 1465:        input_buffer->offset--;
    #####: 1466:        goto fail;
        -: 1467:    }
        -: 1468:
        -: 1469:    /* step back to character in front of the first element */
    #####: 1470:    input_buffer->offset--;
        -: 1471:    /* loop through the comma separated array elements */
        -: 1472:    do
        -: 1473:    {
        -: 1474:        /* allocate next item */
    #####: 1475:        cJSON *new_item = cJSON_New_Item(&(input_buffer->hooks));
call    0 never executed
    #####: 1476:        if (new_item == NULL)
branch  0 never executed
branch  1 never executed
        -: 1477:        {
    #####: 1478:            goto fail; /* allocation failure */
        -: 1479:        }
        -: 1480:
        -: 1481:        /* attach next item to list */
    #####: 1482:        if (head == NULL)
branch  0 never executed
branch  1 never executed
        -: 1483:        {
        -: 1484:            /* start the linked list */
    #####: 1485:            current_item = head = new_item;
        -: 1486:        }
        -: 1487:        else
        -: 1488:        {
        -: 1489:            /* add to the end and advance */
    #####: 1490:            current_item->next = new_item;
    #####: 1491:            new_item->prev = current_item;
    #####: 1492:            current_item = new_item;
        -: 1493:        }
        -: 1494:
        -: 1495:        /* parse next value */
    #####: 1496:        input_buffer->offset++;
    #####: 1497:        buffer_skip_whitespace(input_buffer);
call    0 never executed
    #####: 1498:        if (!parse_value(current_item, input_buffer))
call    0 never executed
branch  1 never executed
branch  2 never executed
        -: 1499:        {
    #####: 1500:            goto fail; /* failed to parse value */
        -: 1501:        }
    #####: 1502:        buffer_skip_whitespace(input_buffer);
call    0 never executed
        -: 1503:    }
    #####: 1504:    while (can_access_at_index(input_buffer, 0) && (buffer_at_offset(input_buffer)[0] == ','));
branch  0 never executed
branch  1 never executed
branch  2 never executed
branch  3 never executed
branch  4 never executed
branch  5 never executed
        -: 1505:
    #####: 1506:    if (cannot_access_at_index(input_buffer, 0) || buffer_at_offset(input_buffer)[0] != ']')
branch  0 never executed
branch  1 never executed
branch  2 never executed
branch  3 never executed
branch  4 never executed
branch  5 never executed
        -: 1507:    {
        -: 1508:        goto fail; /* expected end of array */
        -: 1509:    }
        -: 1510:
    #####: 1511:success:
    #####: 1512:    input_buffer->depth--;
        -: 1513:
    #####: 1514:    if (head != NULL) {
branch  0 never executed
branch  1 never executed
[...]
call    0 never executed
    #####: 2711:    if (!newitem)
branch  0 never executed
branch  1 never executed
        -: 2712:    {
    #####: 2713:        goto fail;
        -: 2714:    }
        -: 2715:    /* Copy over all vars */
    #####: 2716:    newitem->type = item->type & (~cJSON_IsReference);
    #####: 2717:    newitem->valueint = item->valueint;
    #####: 2718:    newitem->valuedouble = item->valuedouble;
    #####: 2719:    if (item->valuestring)
branch  0 never executed
branch  1 never executed
        -: 2720:    {
    #####: 2721:        newitem->valuestring = (char*)cJSON_strdup((unsigned char*)item->valuestring, &global_hooks);
call    0 never executed
    #####: 2722:        if (!newitem->valuestring)
branch  0 never executed
branch  1 never executed
        -: 2723:        {
    #####: 2724:            goto fail;
        -: 2725:        }
        -: 2726:    }
    #####: 2727:    if (item->string)
branch  0 never executed
branch  1 never executed
        -: 2728:    {
    #####: 2729:        newitem->string = (item->type&cJSON_StringIsConst) ? item->string : (char*)cJSON_strdup((unsigned char*)item->string, &global_hooks);
branch  0 never executed
branch  1 never executed
call    2 never executed
    #####: 2730:        if (!newitem->string)
branch  0 never executed
branch  1 never executed
        -: 2731:        {
    #####: 2732:            goto fail;
        -: 2733:        }
        -: 2734:    }
        -: 2735:    /* If non-recursive, then we're done! */
    #####: 2736:    if (!recurse)
branch  0 never executed
branch  1 never executed
        -: 2737:    {
    #####: 2738:        return newitem;
        -: 2739:    }
        -: 2740:    /* Walk the ->next chain for the child. */
    #####: 2741:    child = item->child;
    #####: 2742:    while (child != NULL)
branch  0 never executed
branch  1 never executed
        -: 2743:    {
    #####: 2744:        newchild = cJSON_Duplicate(child, true); /* Duplicate (with recurse) each item in the ->next chain */
call    0 never executed
    #####: 2745:        if (!newchild)
branch  0 never executed
branch  1 never executed
        -: 2746:        {
    #####: 2747:            goto fail;
        -: 2748:        }
    #####: 2749:        if (next != NULL)
branch  0 never executed
branch  1 never executed
        -: 2750:        {
        -: 2751:            /* If newitem->child already set, then crosswire ->prev and ->next and move on */
    #####: 2752:            next->next = newchild;
    #####: 2753:            newchild->prev = next;
    #####: 2754:            next = newchild;
        -: 2755:        }
        -: 2756:        else
        -: 2757:        {
        -: 2758:            /* Set newitem->child and move to it */
    #####: 2759:            newitem->child = newchild;
    #####: 2760:            next = newchild;
        -: 2761:        }
    #####: 2762:        child = child->next;
        -: 2763:    }
    #####: 2764:    if (newitem && newitem->child)
branch  0 never executed
branch  1 never executed
branch  2 never executed
branch  3 never executed
        -: 2765:    {
    #####: 2766:        newitem->child->prev = newchild;
        -: 2767:    }
        -: 2768:
    #####: 2769:    return newitem;
        -: 2770:
    #####: 2771:fail:
    #####: 2772:    if (newitem != NULL)
branch  0 never executed
branch  1 never executed
        -: 2773:    {
    #####: 2774:        cJSON_Delete(newitem);
call    0 never executed
        -: 2775:    }
        -: 2776:
    #####: 2777:    return NULL;
        -: 2778:}
        -: 2779:
function skip_oneline_comment called 0 returned 0% blocks executed 0%
    #####: 2780:static void skip_oneline_comment(char **input)
        -: 2781:{
    #####: 2782:    *input += static_strlen("//");
        -: 2783:
    #####: 2784:    for (; (*input)[0] != '\0'; ++(*input))
branch  0 never executed
branch  1 never executed
        -: 2785:    {
    #####: 2786:        if ((*input)[0] == '\n') {
branch  0 never executed
branch  1 never executed
    #####: 2787:            *input += static_strlen("\n");
    #####: 2788:            return;
        -: 2789:        }
        -: 2790:    }
        -: 2791:}
        -: 2792:
function skip_multiline_comment called 0 returned 0% blocks executed 0%
    #####: 2793:static void skip_multiline_comment(char **input)
        -: 2794:{
    #####: 2795:    *input += static_strlen("/*");
        -: 2796:
    #####: 2797:    for (; (*input)[0] != '\0'; ++(*input))
branch  0 never executed
branch  1 never executed
        -: 2798:    {
    #####: 2799:        if (((*input)[0] == '*') && ((*input)[1] == '/'))
branch  0 never executed
branch  1 never executed
branch  2 never executed
branch  3 never executed
        -: 2800:        {
    #####: 2801:            *input += static_strlen("*/");
    #####: 2802:            return;
        -: 2803:        }
        -: 2804:    }
        -: 2805:}
        -: 2806:
function minify_string called 0 returned 0% blocks executed 0%
    #####: 2807:static void minify_string(char **input, char **output) {
    #####: 2808:    (*output)[0] = (*input)[0];
    #####: 2809:    *input += static_strlen("\"");
    #####: 2810:    *output += static_strlen("\"");
        -: 2811:
        -: 2812:
    #####: 2813:    for (; (*input)[0] != '\0'; (void)++(*input), ++(*output)) {
branch  0 never executed
branch  1 never executed
    #####: 2814:        (*output)[0] = (*input)[0];
        -: 2815:
    #####: 2816:        if ((*input)[0] == '\"') {
branch  0 never executed
branch  1 never executed
    #####: 2817:            (*output)[0] = '\"';
    #####: 2818:            *input += static_strlen("\"");
    #####: 2819:            *output += static_strlen("\"");
    #####: 2820:            return;
    #####: 2821:        } else if (((*input)[0] == '\\') && ((*input)[1] == '\"')) {
branch  0 never executed
branch  1 never executed
branch  2 never executed
branch  3 never executed
    #####: 2822:            (*output)[1] = (*input)[1];
    #####: 2823:            *input += static_strlen("\"");
    #####: 2824:            *output += static_strlen("\"");
        -: 2825:        }
        -: 2826:    }
        -: 2827:}
        -: 2828:
function cJSON_Minify called 0 returned 0% blocks executed 0%
    #####: 2829:CJSON_PUBLIC(void) cJSON_Minify(char *json)
        -: 2830:{
    #####: 2831:    char *into = json;
        -: 2832:
    #####: 2833:    if (json == NULL)
branch  0 never executed
branch  1 never executed
        -: 2834:    {
    #####: 2835:        return;
        -: 2836:    }
        -: 2837:
    #####: 2838:    while (json[0] != '\0')
branch  0 never executed
branch  1 never executed
        -: 2839:    {
    #####: 2840:        switch (json[0])
branch  0 never executed
branch  1 never executed
branch  2 never executed
branch  3 never executed
        -: 2841:        {
    #####: 2842:            case ' ':
        -: 2843:            case '\t':
        -: 2844:            case '\r':
        -: 2845:            case '\n':
    #####: 2846:                json++;
    #####: 2847:                break;
        -: 2848:
    #####: 2849:            case '/':
    #####: 2850:                if (json[1] == '/')
branch  0 never executed
branch  1 never executed
        -: 2851:                {
    #####: 2852:                    skip_oneline_comment(&json);
call    0 never executed
        -: 2853:                }
    #####: 2854:                else if (json[1] == '*')
branch  0 never executed
branch  1 never executed
        -: 2855:                {
    #####: 2856:                    skip_multiline_comment(&json);
call    0 never executed
        -: 2857:                } else {
    #####: 2858:                    json++;
        -: 2859:                }
    #####: 2860:                break;
        -: 2861:
    #####: 2862:            case '\"':
    #####: 2863:                minify_string(&json, (char**)&into);
call    0 never executed
    #####: 2864:                break;
        -: 2865:
    #####: 2866:            default:
    #####: 2867:                into[0] = json[0];
    #####: 2868:                json++;
    #####: 2869:                into++;
        -: 2870:        }
        -: 2871:    }
        -: 2872:
        -: 2873:    /* and null-terminate. */
    #####: 2874:    *into = '\0';
        -: 2875:}
        -: 2876:
function cJSON_IsInvalid called 0 returned 0% blocks executed 0%
    #####: 2877:CJSON_PUBLIC(cJSON_bool) cJSON_IsInvalid(const cJSON * const item)
        -: 2878:{
    #####: 2879:    if (item == NULL)
branch  0 never executed
branch  1 never executed
        -: 2880:    {
    #####: 2881:        return false;
        -: 2882:    }
        -: 2883:
    #####: 2884:    return (item->type & 0xFF) == cJSON_Invalid;
        -: 2885:}
        -: 2886:
function cJSON_IsFalse called 0 returned 0% blocks executed 0%
    #####: 2887:CJSON_PUBLIC(cJSON_bool) cJSON_IsFalse(const cJSON * const item)
        -: 2888:{
    #####: 2889:    if (item == NULL)
branch  0 never executed
branch  1 never executed
        -: 2890:    {
    #####: 2891:        return false;
        -: 2892:    }
        -: 2893:
    #####: 2894:    return (item->type & 0xFF) == cJSON_False;
        -: 2895:}
        -: 2896:
function cJSON_IsTrue called 0 returned 0% blocks executed 0%
    #####: 2897:CJSON_PUBLIC(cJSON_bool) cJSON_IsTrue(const cJSON * const item)
        -: 2898:{
    #####: 2899:    if (item == NULL)
branch  0 never executed
branch  1 never executed
        -: 2900:    {
    #####: 2901:        return false;
        -: 2902:    }
        -: 2903:
    #####: 2904:    return (item->type & 0xff) == cJSON_True;
        -: 2905:}
        -: 2906:
        -: 2907:
function cJSON_IsBool called 0 returned 0% blocks executed 0%
    #####: 2908:CJSON_PUBLIC(cJSON_bool) cJSON_IsBool(const cJSON * const item)
        -: 2909:{
    #####: 2910:    if (item == NULL)
branch  0 never executed
branch  1 never executed
        -: 2911:    {
    #####: 2912:        return false;
        -: 2913:    }
        -: 2914:
    #####: 2915:    return (item->type & (cJSON_True | cJSON_False)) != 0;
        -: 2916:}
function cJSON_IsNull called 0 returned 0% blocks executed 0%
    #####: 2917:CJSON_PUBLIC(cJSON_bool) cJSON_IsNull(const cJSON * const item)
        -: 2918:{
    #####: 2919:    if (item == NULL)
branch  0 never executed
branch  1 never executed
        -: 2920:    {
    #####: 2921:        return false;
        -: 2922:    }
        -: 2923:
    #####: 2924:    return (item->type & 0xFF) == cJSON_NULL;
        -: 2925:}
        -: 2926:
function cJSON_IsNumber called 0 returned 0% blocks executed 0%
    #####: 2927:CJSON_PUBLIC(cJSON_bool) cJSON_IsNumber(const cJSON * const item)
        -: 2928:{
    #####: 2929:    if (item == NULL)
branch  0 never executed
branch  1 never executed
        -: 2930:    {
    #####: 2931:        return false;
        -: 2932:    }
        -: 2933:
    #####: 2934:    return (item->type & 0xFF) == cJSON_Number;
        -: 2935:}
        -: 2936:
function cJSON_IsString called 0 returned 0% blocks executed 0%
    #####: 2937:CJSON_PUBLIC(cJSON_bool) cJSON_IsString(const cJSON * const item)
        -: 2938:{
    #####: 2939:    if (item == NULL)
branch  0 never executed
branch  1 never executed
        -: 2940:    {
    #####: 2941:        return false;
        -: 2942:    }
        -: 2943:
    #####: 2944:    return (item->type & 0xFF) == cJSON_String;
        -: 2945:}
        -: 2946:
function cJSON_IsArray called 0 returned 0% blocks executed 0%
    #####: 2947:CJSON_PUBLIC(cJSON_bool) cJSON_IsArray(const cJSON * const item)
        -: 2948:{
    #####: 2949:    if (item == NULL)
branch  0 never executed
branch  1 never executed
        -: 2950:    {
    #####: 2951:        return false;
        -: 2952:    }
        -: 2953:
    #####: 2954:    return (item->type & 0xFF) == cJSON_Array;
        -: 2955:}
        -: 2956:
function cJSON_IsObject called 0 returned 0% blocks executed 0%
    #####: 2957:CJSON_PUBLIC(cJSON_bool) cJSON_IsObject(const cJSON * const item)
        -: 2958:{
    #####: 2959:    if (item == NULL)
branch  0 never executed
branch  1 never executed
        -: 2960:    {
    #####: 2961:        return false;
        -: 2962:    }
        -: 2963:
    #####: 2964:    return (item->type & 0xFF) == cJSON_Object;
        -: 2965:}
        -: 2966:
function cJSON_IsRaw called 0 returned 0% blocks executed 0%
    #####: 2967:CJSON_PUBLIC(cJSON_bool) cJSON_IsRaw(const cJSON * const item)
        -: 2968:{
    #####: 2969:    if (item == NULL)
branch  0 never executed
branch  1 never executed
        -: 2970:    {
    #####: 2971:        return false;
        -: 2972:    }
        -: 2973:
    #####: 2974:    return (item->type & 0xFF) == cJSON_Raw;
        -: 2975:}
        -: 2976:
function cJSON_Compare called 0 returned 0% blocks executed 0%
    #####: 2977:CJSON_PUBLIC(cJSON_bool) cJSON_Compare(const cJSON * const a, const cJSON * const b, const cJSON_bool case_sensitive)
        -: 2978:{
    #####: 2979:    if ((a == NULL) || (b == NULL) || ((a->type & 0xFF) != (b->type & 0xFF)))
branch  0 never executed
branch  1 never executed
branch  2 never executed
branch  3 never executed
branch  4 never executed
branch  5 never executed
        -: 2980:    {
    #####: 2981:        return false;
        -: 2982:    }
        -: 2983:
        -: 2984:    /* check if type is valid */
    #####: 2985:    switch (a->type & 0xFF)
branch  0 never executed
branch  1 never executed
        -: 2986:    {
    #####: 2987:        case cJSON_False:
        -: 2988:        case cJSON_True:
        -: 2989:        case cJSON_NULL:
        -: 2990:        case cJSON_Number:
        -: 2991:        case cJSON_String:
        -: 2992:        case cJSON_Raw:
        -: 2993:        case cJSON_Array:
        -: 2994:        case cJSON_Object:
    #####: 2995:            break;
        -: 2996:
    #####: 2997:        default:
    #####: 2998:            return false;
        -: 2999:    }
        -: 3000:
        -: 3001:    /* identical objects are equal */
    #####: 3002:    if (a == b)
branch  0 never executed
branch  1 never executed
        -: 3003:    {
    #####: 3004:        return true;
        -: 3005:    }
        -: 3006:
    #####: 3007:    switch (a->type & 0xFF)
branch  0 never executed
branch  1 never executed
branch  2 never executed
branch  3 never executed
branch  4 never executed
branch  5 never executed
        -: 3008:    {
        -: 3009:        /* in these cases and equal type is enough */
    #####: 3010:        case cJSON_False:
        -: 3011:        case cJSON_True:
        -: 3012:        case cJSON_NULL:
    #####: 3013:            return true;
        -: 3014:
    #####: 3015:        case cJSON_Number:
    #####: 3016:            if (compare_double(a->valuedouble, b->valuedouble))
call    0 never executed
branch  1 never executed
branch  2 never executed
        -: 3017:            {
    #####: 3018:                return true;
        -: 3019:            }
    #####: 3020:            return false;
        -: 3021:
    #####: 3022:        case cJSON_String:
        -: 3023:        case cJSON_Raw:
    #####: 3024:            if ((a->valuestring == NULL) || (b->valuestring == NULL))
branch  0 never executed
branch  1 never executed
branch  2 never executed
branch  3 never executed
        -: 3025:            {
    #####: 3026:                return false;
        -: 3027:            }
    #####: 3028:            if (strcmp(a->valuestring, b->valuestring) == 0)
branch  0 never executed
branch  1 never executed
        -: 3029:            {
    #####: 3030:                return true;
        -: 3031:            }
        -: 3032:
    #####: 3033:            return false;
        -: 3034:
    #####: 3035:        case cJSON_Array:
        -: 3036:        {
    #####: 3037:            cJSON *a_element = a->child;
    #####: 3038:            cJSON *b_element = b->child;
        -: 3039:
    #####: 3040:            for (; (a_element != NULL) && (b_element != NULL);)
branch  0 never executed
branch  1 never executed
branch  2 never executed
branch  3 never executed
        -: 3041:            {
    #####: 3042:                if (!cJSON_Compare(a_element, b_element, case_sensitive))
call    0 never executed
branch  1 never executed
branch  2 never executed
        -: 3043:                {
    #####: 3044:                    return false;
        -: 3045:                }
        -: 3046:
    #####: 3047:                a_element = a_element->next;
    #####: 3048:                b_element = b_element->next;
        -: 3049:            }
        -: 3050:
        -: 3051:            /* one of the arrays is longer than the other */
    #####: 3052:            if (a_element != b_element) {
branch  0 never executed
branch  1 never executed
    #####: 3053:                return false;
        -: 3054:            }
        -: 3055:
    #####: 3056:            return true;
        -: 3057:        }
        -: 3058:
    #####: 3059:        case cJSON_Object:
        -: 3060:        {
    #####: 3061:            cJSON *a_element = NULL;
    #####: 3062:            cJSON *b_element = NULL;
    #####: 3063:            cJSON_ArrayForEach(a_element, a)
branch  0 never executed
branch  1 never executed
branch  2 never executed
branch  3 never executed
        -: 3064:            {
        -: 3065:                /* TODO This has O(n^2) runtime, which is horrible! */
    #####: 3066:                b_element = get_object_item(b, a_element->string, case_sensitive);
call    0 never executed
    #####: 3067:                if (b_element == NULL)
branch  0 never executed
branch  1 never executed
        -: 3068:                {
    #####: 3069:                    return false;
        -: 3070:                }
        -: 3071:
    #####: 3072:                if (!cJSON_Compare(a_element, b_element, case_sensitive))
call    0 never executed
branch  1 never executed
branch  2 never executed
        -: 3073:                {
    #####: 3074:                    return false;
        -: 3075:                }
        -: 3076:            }
        -: 3077:
        -: 3078:            /* doing this twice, once on a and b to prevent true comparison if a subset of b
        -: 3079:             * TODO: Do this the proper way, this is just a fix for now */
    #####: 3080:            cJSON_ArrayForEach(b_element, b)
branch  0 never executed
branch  1 never executed
branch  2 never executed
branch  3 never executed
        -: 3081:            {
    #####: 3082:                a_element = get_object_item(a, b_element->string, case_sensitive);
call    0 never executed
    #####: 3083:                if (a_element == NULL)
branch  0 never executed
branch  1 never executed
        -: 3084:                {
    #####: 3085:                    return false;
        -: 3086:                }
        -: 3087:
    #####: 3088:                if (!cJSON_Compare(b_element, a_element, case_sensitive))
call    0 never executed
branch  1 never executed
branch  2 never executed
        -: 3089:                {
    #####: 3090:                    return false;
        -: 3091:                }
        -: 3092:            }
        -: 3093:
    #####: 3094:            return true;
        -: 3095:        }
        -: 3096:
    #####: 3097:        default:
    #####: 3098:            return false;
        -: 3099:    }
        -: 3100:}
        -: 3101:
function cJSON_malloc called 0 returned 0% blocks executed 0%
    #####: 3102:CJSON_PUBLIC(void *) cJSON_malloc(size_t size)
        -: 3103:{
    #####: 3104:    return global_hooks.allocate(size);
call    0 never executed
        -: 3105:}
        -: 3106:
function cJSON_free called 0 returned 0% blocks executed 0%
    #####: 3107:CJSON_PUBLIC(void) cJSON_free(void *object)
        -: 3108:{
    #####: 3109:    global_hooks.deallocate(object);
call    0 never executed
    #####: 3110:}
